<?xml version="1.0" encoding="UTF-8"?>
<!-- Generated by org.testng.reporters.JUnitReportReporter -->
<testsuite hostname="DESKTOP-8RJ2I6K" name="com.eaf.qa.uitests.EquipmentClassesTest" tests="1" failures="0" timestamp="7 Aug 2019 09:14:31 GMT" time="52.236" errors="0">
  <testcase name="exportUnderViewOption" time="52.236" classname="com.eaf.qa.uitests.EquipmentClassesTest"/>
</testsuite> <!-- com.eaf.qa.uitests.EquipmentClassesTest -->
