<?xml version="1.0" encoding="UTF-8"?>
<!-- Generated by org.testng.reporters.JUnitReportReporter -->
<testsuite hostname="DESKTOP-2SEFOJD" name="com.eaf.qa.uitests.MaintenanceClassesCheckListTest" tests="1" failures="0" timestamp="10 Jul 2019 12:49:32 GMT" time="166.916" errors="0">
  <testcase name="verifyTooltipForAView" time="166.916" classname="com.eaf.qa.uitests.MaintenanceClassesCheckListTest"/>
</testsuite> <!-- com.eaf.qa.uitests.MaintenanceClassesCheckListTest -->
