<?xml version="1.0" encoding="UTF-8"?>
<!-- Generated by org.testng.reporters.JUnitReportReporter -->
<testsuite hostname="DESKTOP-8RJ2I6K" name="com.eaf.qa.uitests.MaintenanceWorkOrdersTest" tests="1" failures="0" timestamp="25 Jul 2019 12:02:34 GMT" time="87.904" errors="0">
  <testcase name="closeAWorkOrder" time="87.904" classname="com.eaf.qa.uitests.MaintenanceWorkOrdersTest"/>
</testsuite> <!-- com.eaf.qa.uitests.MaintenanceWorkOrdersTest -->
