<?xml version="1.0" encoding="UTF-8"?>
<!-- Generated by org.testng.reporters.JUnitReportReporter -->
<testsuite hostname="DESKTOP-8RJ2I6K" name="com.eaf.qa.uitests.AddMaintenancePlanchecklistTest" tests="1" failures="0" timestamp="24 Jul 2019 11:22:19 GMT" time="57.014" errors="0">
  <testcase name="verifyEquipmentClassesViewForm" time="57.014" classname="com.eaf.qa.uitests.AddMaintenancePlanchecklistTest"/>
</testsuite> <!-- com.eaf.qa.uitests.AddMaintenancePlanchecklistTest -->
