<?xml version="1.0" encoding="UTF-8"?>
<!-- Generated by org.testng.reporters.JUnitReportReporter -->
<testsuite hostname="DESKTOP-JS58TIP" name="com.eaf.qa.uitests.RefrenceTableTest" tests="1" failures="0" timestamp="8 Aug 2019 11:11:22 GMT" time="81.990" errors="0">
  <testcase name="UsersPreparingAViewForDashboardPanels23a" time="81.990" classname="com.eaf.qa.uitests.RefrenceTableTest"/>
</testsuite> <!-- com.eaf.qa.uitests.RefrenceTableTest -->
