<?xml version="1.0" encoding="UTF-8"?>
<!-- Generated by org.testng.reporters.JUnitReportReporter -->
<testsuite hostname="DESKTOP-D14EDRI" failures="0" tests="1" name="com.databroker.qa.uitests.RegistrationTest" time="25.950" errors="0" timestamp="5 Jan 2021 05:13:56 GMT">
  <testcase classname="com.databroker.qa.uitests.RegistrationTest" name="registrationOnDatabrokerApp" time="25.950"/>
</testsuite> <!-- com.databroker.qa.uitests.RegistrationTest -->
