<?xml version="1.0" encoding="UTF-8"?>
<!-- Generated by org.testng.reporters.JUnitReportReporter -->
<testsuite hostname="DESKTOP-2SEFOJD" name="com.eaf.qa.uitests.LoginTest" tests="1" failures="0" timestamp="25 Jun 2019 07:51:17 GMT" time="6.056" errors="0">
  <testcase name="testSM2LoginFlow" time="6.056" classname="com.eaf.qa.uitests.LoginTest"/>
</testsuite> <!-- com.eaf.qa.uitests.LoginTest -->
