<?xml version="1.0" encoding="UTF-8"?>
<!-- Generated by org.testng.reporters.JUnitReportReporter -->
<testsuite hostname="DESKTOP-8RJ2I6K" name="com.mtp.qa.uitests.LoginTest" tests="1" failures="0" timestamp="3 Feb 2020 10:31:09 GMT" time="28.525" errors="0">
  <testcase name="deleteTaskTest" time="28.525" classname="com.mtp.qa.uitests.LoginTest"/>
</testsuite> <!-- com.mtp.qa.uitests.LoginTest -->
