<?xml version="1.0" encoding="UTF-8"?>
<!-- Generated by org.testng.reporters.JUnitReportReporter -->
<testsuite hostname="DESKTOP-D14EDRI" failures="0" tests="1" name="com.github.qa.uitests.GitHubTest" time="54.817" errors="0" timestamp="1 Apr 2021 09:20:28 GMT">
  <testcase classname="com.github.qa.uitests.GitHubTest" name="VerifySignIn_ResetPassword_SignupTestForGitHUbApp" time="54.817"/>
</testsuite> <!-- com.github.qa.uitests.GitHubTest -->
