<?xml version="1.0" encoding="UTF-8"?>
<!-- Generated by org.testng.reporters.JUnitReportReporter -->
<testsuite hostname="Eai-ChandanQA" name="com.eaf.qa.uitests.BuilderTests" tests="1" failures="0" timestamp="2 Mar 2019 20:17:51 GMT" time="11.298" errors="0">
  <testcase name="testLogin" time="11.298" classname="com.eaf.qa.uitests.BuilderTests"/>
</testsuite>
