<?xml version="1.0" encoding="UTF-8"?>
<!-- Generated by org.testng.reporters.JUnitReportReporter -->
<testsuite hostname="DESKTOP-TN1DS75" name="com.eaf.qa.uitests.LoginTests" tests="1" failures="0" timestamp="16 Feb 2019 17:10:32 GMT" time="2.456" errors="0">
  <testcase name="login" time="2.456" classname="com.eaf.qa.uitests.LoginTests"/>
</testsuite>
