<?xml version="1.0" encoding="UTF-8"?>
<!-- Generated by org.testng.reporters.JUnitReportReporter -->
<testsuite hostname="Eai-ChandanQA" name="com.eaf.qa.uitests.LoginTests" tests="1" failures="0" timestamp="19 Feb 2019 05:13:37 GMT" time="2.849" errors="0">
  <testcase name="login" time="2.849" classname="com.eaf.qa.uitests.LoginTests"/>
</testsuite>
