<?xml version="1.0" encoding="UTF-8"?>
<!-- Generated by org.testng.reporters.JUnitReportReporter -->
<testsuite hostname="DESKTOP-2SEFOJD" name="com.eaf.qa.uitests.TriggerResetHistoryTest" tests="1" failures="0" timestamp="3 Jul 2019 07:03:17 GMT" time="137.883" errors="0">
  <testcase name="TriggerResetHistoryTc_001ToTc_003" time="137.883" classname="com.eaf.qa.uitests.TriggerResetHistoryTest"/>
</testsuite> <!-- com.eaf.qa.uitests.TriggerResetHistoryTest -->
