<?xml version="1.0" encoding="UTF-8"?>
<!-- Generated by org.testng.reporters.JUnitReportReporter -->
<testsuite hostname="Eai-ChandanQA" name="com.eaf.qa.uitests.BuilderCardsTests" tests="1" failures="0" timestamp="19 Feb 2019 11:11:49 GMT" time="109.792" errors="0">
  <testcase name="testGetBuildCards" time="109.792" classname="com.eaf.qa.uitests.BuilderCardsTests"/>
</testsuite>
