<?xml version="1.0" encoding="UTF-8"?>
<!-- Generated by org.testng.reporters.JUnitReportReporter -->
<testsuite hostname="DESKTOP-8RJ2I6K" name="com.eaf.qa.uitests.PartsAndTradesTest4" tests="1" failures="0" timestamp="9 Aug 2019 09:07:17 GMT" time="82.468" errors="0">
  <testcase name="editATrade" time="82.468" classname="com.eaf.qa.uitests.PartsAndTradesTest4"/>
</testsuite> <!-- com.eaf.qa.uitests.PartsAndTradesTest4 -->
