<?xml version="1.0" encoding="UTF-8"?>
<!-- Generated by org.testng.reporters.JUnitReportReporter -->
<testsuite hostname="DESKTOP-D14EDRI" failures="0" tests="1" name="com.github.qa.uitests.GitHubTest" time="56.109" errors="0" timestamp="1 Apr 2021 04:20:07 GMT">
  <testcase classname="com.github.qa.uitests.GitHubTest" name="VerifySignIn_ResetPassword_SignupTestForGitHUbApp" time="56.109"/>
</testsuite> <!-- com.github.qa.uitests.GitHubTest -->
