<?xml version="1.0" encoding="UTF-8"?>
<!-- Generated by org.testng.reporters.JUnitReportReporter -->
<testsuite hostname="DESKTOP-GOMK6OD" name="com.eaf.qa.uitests.basics7" tests="1" failures="0" timestamp="15 Sep 2018 11:51:10 GMT" time="3.973" errors="0">
  <testcase name="AddBooks" time="3.973" classname="com.eaf.qa.uitests.basics7"/>
</testsuite>
