<?xml version="1.0" encoding="UTF-8"?>
<!-- Generated by org.testng.reporters.JUnitReportReporter -->
<testsuite hostname="DESKTOP-8RJ2I6K" name="com.eaf.qa.uitests.Maintenence_JobsTest" tests="1" failures="0" timestamp="31 Jul 2019 06:44:22 GMT" time="106.140" errors="0">
  <testcase name="AddAJobSample" time="106.140" classname="com.eaf.qa.uitests.Maintenence_JobsTest"/>
</testsuite> <!-- com.eaf.qa.uitests.Maintenence_JobsTest -->
